Arguments: 
  /usr/bin/node /usr/share/yarn/bin/yarn.js add contracts hardhat.config.js node_modules package.json README.md scripts test

PATH: 
  /home/steve/.dotnet/tools:/home/steve/bin:/home/steve/.cargo/bin:/home/steve/.local/bin:/home/steve/bin:/usr/local/sbin:/usr/local/bin:/usr/sbin:/usr/bin:/sbin:/bin:/usr/games:/usr/local/games:/snap/bin:/snap/bin

Yarn version: 
  1.22.19

Node version: 
  18.17.0

Platform: 
  linux x64

Trace: 
  Error: https://registry.yarnpkg.com/hardhat.config.js: Not found
      at params.callback [as _callback] (/usr/share/yarn/lib/cli.js:66145:18)
      at self.callback (/usr/share/yarn/lib/cli.js:140890:22)
      at Request.emit (node:events:514:28)
      at Request.<anonymous> (/usr/share/yarn/lib/cli.js:141862:10)
      at Request.emit (node:events:514:28)
      at IncomingMessage.<anonymous> (/usr/share/yarn/lib/cli.js:141784:12)
      at Object.onceWrapper (node:events:628:28)
      at IncomingMessage.emit (node:events:526:35)
      at endReadableNT (node:internal/streams/readable:1359:12)
      at process.processTicksAndRejections (node:internal/process/task_queues:82:21)

npm manifest: 
  {
    "name": "hardhat-project",
    "version": "1.0.0",
    "description": "Using Struct with Mapping inside",
    "license": "MIT",
    "dependencies": {
      "dotenv": "^16.3.1",
      "hardhat": "^2.18.0"
    },
    "devDependencies": {
      "@nomicfoundation/hardhat-chai-matchers": "^2.0.0",
      "@nomicfoundation/hardhat-ethers": "^3.0.0",
      "@nomicfoundation/hardhat-network-helpers": "^1.0.0",
      "@nomicfoundation/hardhat-toolbox": "^3.0.0",
      "@nomicfoundation/hardhat-verify": "^1.0.0",
      "@typechain/ethers-v6": "^0.4.0",
      "@typechain/hardhat": "^8.0.0",
      "chai": "^4.2.0",
      "ethers": "^6.4.0",
      "hardhat-gas-reporter": "^1.0.8",
      "solidity-coverage": "^0.8.0",
      "typechain": "^8.1.0"
    }
  }

yarn manifest: 
  No manifest

Lockfile: 
  No lockfile
